Key.cmd
Key.backspace
Key.cmd
Key.backspace
Key.backspace
Key.backspace
Key.backspace
Key.backspace
Key.backspace
Key.backspace
Key.cmd
s
c
c
l
l
e
e
a
a
r
r
Key.enter
Key.enter
Key.ctrl
c
h
h
h
h
h
h
h
h
h
h
h
h
Key.backspace
Key.backspace
Key.backspace
Key.backspace
Key.backspace
Key.backspace
Key.backspace
Key.backspace
Key.ctrl
c
Key.cmd
w
Key.cmd
s
Key.backspace
Key.backspace
Key.shift
Key.shift
Key.shift
O
O
p
p
e
e
n
n
Key.space
Key.space
Key.backspace
Key.backspace
Key.backspace
Key.backspace
Key.backspace
Key.backspace
Key.shift
V
V
Key.space
Key.space
Key.backspace
Key.backspace
Key.left
Key.left
Key.left
Key.left
Key.left
Key.left
Key.right
Key.shift
Key.shift
Key.right
Key.backspace
Key.backspace
Key.shift
R
R
e
e
c
c
o
o
r
r
d
d
Key.space
Key.space
v
v
Key.shift
C
C
m
m
Key.backspace
Key.backspace
o
o
o
Key.backspace
ô
m
m
Key.backspace
Key.backspace
Key.backspace
Key.backspace
o
o
m
m
m
m
a
a
n
n
d
d
Key.backspace
Key.backspace
Key.backspace
Key.backspace
Key.backspace
Key.backspace
n
n
Key.backspace
Key.backspace
Key.backspace
Key.backspace
Key.backspace
Key.backspace
Key.backspace
Key.backspace
Key.space
Key.space
Key.shift
n
n
e
e
w
w
Key.backspace
Key.backspace
Key.backspace
Key.backspace
Key.backspace
Key.backspace
Key.shift
N
N
e
e
w
w
Key.space
Key.space
Key.shift
Key.shift
E
E
m
m
i
i
a
a
Key.backspace
Key.backspace
Key.backspace
Key.backspace
a
a
i
i
l
l
Key.backspace
Key.backspace
Key.backspace
Key.backspace
Key.backspace
Key.backspace
Key.shift
F
F
r
r
o
o
m
m
Key.shift_r
:
:
Key.left
Key.left
Key.left
Key.left
Key.left
Key.backspace
Key.backspace
Key.backspace
Key.backspace
Key.backspace
Key.backspace
Key.shift
T
T
i
i
m
m
e
e
Key.shift_r
:
:
Key.backspace
Key.backspace
Key.backspace
Key.backspace
Key.shift
T
T
t
t
Key.backspace
Key.backspace
i
i
t
t
l
l
e
e
Key.shift_r
:
:
Key.backspace
Key.backspace
Key.shift
C
C
o
o
n
n
t
t
e
e
n
n
t
t
Key.shift_r
:
:
Key.space
Key.space
Key.cmd
s
Key.cmd_r
Key.backspace
Key.shift
Key.shift
F
F
Key.backspace
Key.backspace
Key.shift
C
C
Key.backspace
Key.backspace
Key.shift
F
F
i
i
l
l
e
e
d
d
Key.backspace
Key.backspace
Key.space
Key.space
c
c
p
p
Key.backspace
Key.backspace
o
o
p
p
i
i
e
e
d
d
Key.shift
E
E
Key.backspace
Key.backspace
Key.shift
C
C
a
a
Key.backspace
Key.backspace
Key.backspace
Key.backspace
Key.shift
e
e
r
Key.backspace
ẻ
r
Key.backspace
er
Key.backspace
Key.backspace
Key.backspace
Key.backspace
Key.shift
R
R
e
e
Key.backspace
Key.backspace
Key.backspace
Key.shift
Key.backspace
E
E
r
Key.backspace
Ẻ
r
Key.backspace
Er
Key.backspace
Key.backspace
Key.backspace
Key.backspace
Key.shift
U
U
n
n
a
a
b
b
l
l
e
e
Key.space
Key.space
t
t
o
o
Key.space
Key.space
Key.shift
Key.shift
C
C
o
o
p
p
p
p
y
y
Key.backspace
Key.backspace
Key.backspace
Key.backspace
y
y
Key.cmd
s
Key.left
Key.backspace
Key.backspace
c
c
Key.cmd
s
Key.backspace
Key.backspace
Key.shift
C
C
Key.backspace
Key.backspace
Key.shift
U
U
n
n
a
a
b
b
l
l
e
e
Key.space
Key.space
t
t
o
o
Key.space
Key.space
a
a
p
p
Key.backspace
Key.backspace
Key.backspace
Key.backspace
o
o
p
p
e
e
n
n
Key.space
Key.space
a
a
p
p
p
p
Key.backspace
Key.backspace
Key.backspace
Key.backspace
Key.backspace
Key.backspace
Key.backspace
Key.backspace
Key.backspace
Key.backspace
Key.backspace
Key.backspace
Key.shift
O
O
p
p
e
e
n
n
d
d
Key.backspace
Key.backspace
Key.backspace
Key.backspace
Key.backspace
Key.backspace
e
e
n
n
d
d
Key.backspace
Key.backspace
e
e
d
d
Key.cmd
s
Key.backspace
Key.backspace
Key.backspace
Key.backspace
Key.backspace
Key.backspace
Key.shift
K
K
i
i
Key.backspace
Key.backspace
Key.backspace
Key.backspace
Key.shift
T
T
e
e
r
Key.backspace
ẻ
r
Key.backspace
er
m
m
i
i
n
n
l
l
Key.backspace
Key.backspace
a
a
Key.backspace
Key.backspace
Key.backspace
Key.backspace
n
n
a
a
t
t
e
e
d
d
Key.backspace
Key.backspace
Key.backspace
Key.backspace
Key.cmd
z
Key.backspace
Key.backspace
Key.backspace
Key.backspace
a
a
p
p
p
p
Key.backspace
Key.backspace
Key.backspace
Key.backspace
Key.backspace
Key.backspace
p
p
r
r
e
e
Key.backspace
Key.backspace
o
o
c
c
e
e
s
s
s
s
Key.cmd
s
Key.ctrl
f
f
h
h
f
f
h
h
f
f
Key.delete
Key.backspace
Key.backspace
Key.backspace
Key.backspace
Key.backspace
Key.backspace
Key.backspace
Key.backspace
Key.backspace
Key.backspace
None
None
c
c
Key.ctrl
Key.ctrl
c
